AH00558: httpd.exe: Could not reliably determine the server's fully qualified domain name, using fe80::2043:c48c:3858:f766. Set the 'ServerName' directive globally to suppress this message
[Thu Oct 07 15:04:56.120348 2021] [mpm_winnt:notice] [pid 10432:tid 776] AH00455: Apache/2.4.43 (Win32) configured -- resuming normal operations
[Thu Oct 07 15:04:56.121348 2021] [mpm_winnt:notice] [pid 10432:tid 776] AH00456: Server built: Apr 21 2020 13:46:54
[Thu Oct 07 15:04:56.122346 2021] [core:notice] [pid 10432:tid 776] AH00094: Command line: 'C:\\Users\\Tejas Panchal\\AppData\\Roaming\\Local\\lightning-services\\apache-2.4.43+6\\bin\\win32\\bin\\httpd.exe -d C:/Users/Tejas Panchal/AppData/Roaming/Local/lightning-services/apache-2.4.43+6/bin/win32 -D FOREGROUND -f C:\\Users\\Tejas Panchal\\AppData\\Roaming\\Local\\run\\MjCtCEkbW\\conf\\apache\\apache2.conf'
[Thu Oct 07 15:04:56.136340 2021] [mpm_winnt:notice] [pid 10432:tid 776] AH00418: Parent: Created child process 12820
AH00558: httpd.exe: Could not reliably determine the server's fully qualified domain name, using fe80::2043:c48c:3858:f766. Set the 'ServerName' directive globally to suppress this message
AH00558: httpd.exe: Could not reliably determine the server's fully qualified domain name, using fe80::2043:c48c:3858:f766. Set the 'ServerName' directive globally to suppress this message
[Thu Oct 07 15:04:59.255557 2021] [mpm_winnt:notice] [pid 12820:tid 804] AH00354: Child: Starting 64 worker threads.
AH00558: httpd.exe: Could not reliably determine the server's fully qualified domain name, using fe80::2043:c48c:3858:f766. Set the 'ServerName' directive globally to suppress this message
[Thu Oct 07 15:10:03.881561 2021] [core:warn] [pid 7440:tid 2492] AH00098: pid file C:/Users/Tejas Panchal/AppData/Roaming/Local/run/MjCtCEkbW/apache/logs/httpd.pid overwritten -- Unclean shutdown of previous Apache run?
[Thu Oct 07 15:10:03.908545 2021] [mpm_winnt:notice] [pid 7440:tid 2492] AH00455: Apache/2.4.43 (Win32) configured -- resuming normal operations
[Thu Oct 07 15:10:03.908545 2021] [mpm_winnt:notice] [pid 7440:tid 2492] AH00456: Server built: Apr 21 2020 13:46:54
[Thu Oct 07 15:10:03.908545 2021] [core:notice] [pid 7440:tid 2492] AH00094: Command line: 'C:\\Users\\Tejas Panchal\\AppData\\Roaming\\Local\\lightning-services\\apache-2.4.43+6\\bin\\win32\\bin\\httpd.exe -d C:/Users/Tejas Panchal/AppData/Roaming/Local/lightning-services/apache-2.4.43+6/bin/win32 -D FOREGROUND -f C:\\Users\\Tejas Panchal\\AppData\\Roaming\\Local\\run\\MjCtCEkbW\\conf\\apache\\apache2.conf'
[Thu Oct 07 15:10:03.937529 2021] [mpm_winnt:notice] [pid 7440:tid 2492] AH00418: Parent: Created child process 9332
AH00558: httpd.exe: Could not reliably determine the server's fully qualified domain name, using fe80::2043:c48c:3858:f766. Set the 'ServerName' directive globally to suppress this message
AH00558: httpd.exe: Could not reliably determine the server's fully qualified domain name, using fe80::2043:c48c:3858:f766. Set the 'ServerName' directive globally to suppress this message
[Thu Oct 07 15:10:05.820452 2021] [mpm_winnt:notice] [pid 9332:tid 540] AH00354: Child: Starting 64 worker threads.
AH00558: httpd.exe: Could not reliably determine the server's fully qualified domain name, using fe80::2043:c48c:3858:f766. Set the 'ServerName' directive globally to suppress this message
[Thu Oct 07 15:15:48.695898 2021] [core:warn] [pid 1816:tid 3276] AH00098: pid file C:/Users/Tejas Panchal/AppData/Roaming/Local/run/MjCtCEkbW/apache/logs/httpd.pid overwritten -- Unclean shutdown of previous Apache run?
[Thu Oct 07 15:15:48.705893 2021] [mpm_winnt:notice] [pid 1816:tid 3276] AH00455: Apache/2.4.43 (Win32) configured -- resuming normal operations
[Thu Oct 07 15:15:48.705893 2021] [mpm_winnt:notice] [pid 1816:tid 3276] AH00456: Server built: Apr 21 2020 13:46:54
[Thu Oct 07 15:15:48.705893 2021] [core:notice] [pid 1816:tid 3276] AH00094: Command line: 'C:\\Users\\Tejas Panchal\\AppData\\Roaming\\Local\\lightning-services\\apache-2.4.43+6\\bin\\win32\\bin\\httpd.exe -d C:/Users/Tejas Panchal/AppData/Roaming/Local/lightning-services/apache-2.4.43+6/bin/win32 -D FOREGROUND -f C:\\Users\\Tejas Panchal\\AppData\\Roaming\\Local\\run\\MjCtCEkbW\\conf\\apache\\apache2.conf'
[Thu Oct 07 15:15:48.709891 2021] [mpm_winnt:notice] [pid 1816:tid 3276] AH00418: Parent: Created child process 2880
AH00558: httpd.exe: Could not reliably determine the server's fully qualified domain name, using fe80::2043:c48c:3858:f766. Set the 'ServerName' directive globally to suppress this message
AH00558: httpd.exe: Could not reliably determine the server's fully qualified domain name, using fe80::2043:c48c:3858:f766. Set the 'ServerName' directive globally to suppress this message
[Thu Oct 07 15:15:50.417914 2021] [mpm_winnt:notice] [pid 2880:tid 808] AH00354: Child: Starting 64 worker threads.
AH00558: httpd.exe: Could not reliably determine the server's fully qualified domain name, using fe80::2043:c48c:3858:f766. Set the 'ServerName' directive globally to suppress this message
[Thu Oct 07 15:43:23.044652 2021] [core:warn] [pid 2144:tid 792] AH00098: pid file C:/Users/Tejas Panchal/AppData/Roaming/Local/run/MjCtCEkbW/apache/logs/httpd.pid overwritten -- Unclean shutdown of previous Apache run?
[Thu Oct 07 15:43:23.139597 2021] [mpm_winnt:notice] [pid 2144:tid 792] AH00455: Apache/2.4.43 (Win32) configured -- resuming normal operations
[Thu Oct 07 15:43:23.139597 2021] [mpm_winnt:notice] [pid 2144:tid 792] AH00456: Server built: Apr 21 2020 13:46:54
[Thu Oct 07 15:43:23.139597 2021] [core:notice] [pid 2144:tid 792] AH00094: Command line: 'C:\\Users\\Tejas Panchal\\AppData\\Roaming\\Local\\lightning-services\\apache-2.4.43+6\\bin\\win32\\bin\\httpd.exe -d C:/Users/Tejas Panchal/AppData/Roaming/Local/lightning-services/apache-2.4.43+6/bin/win32 -D FOREGROUND -f C:\\Users\\Tejas Panchal\\AppData\\Roaming\\Local\\run\\MjCtCEkbW\\conf\\apache\\apache2.conf'
[Thu Oct 07 15:43:23.247536 2021] [mpm_winnt:notice] [pid 2144:tid 792] AH00418: Parent: Created child process 14924
AH00558: httpd.exe: Could not reliably determine the server's fully qualified domain name, using fe80::2043:c48c:3858:f766. Set the 'ServerName' directive globally to suppress this message
AH00558: httpd.exe: Could not reliably determine the server's fully qualified domain name, using fe80::2043:c48c:3858:f766. Set the 'ServerName' directive globally to suppress this message
[Thu Oct 07 15:43:26.129889 2021] [mpm_winnt:notice] [pid 14924:tid 824] AH00354: Child: Starting 64 worker threads.
